  cheshireCat.cpp
D:\School work and shit\Troya stuff\code\sprint-math-games-9th-grade-troya\solvingAdventures\solvingAdventures\src\cheshireCat.cpp(11,10): warning C4129: " ": нераспознанная escape-последовательность символов
D:\School work and shit\Troya stuff\code\sprint-math-games-9th-grade-troya\solvingAdventures\solvingAdventures\src\cheshireCat.cpp(12,10): warning C4129: " ": нераспознанная escape-последовательность символов
D:\School work and shit\Troya stuff\code\sprint-math-games-9th-grade-troya\solvingAdventures\solvingAdventures\src\cheshireCat.cpp(13,10): warning C4129: " ": нераспознанная escape-последовательность символов
D:\School work and shit\Troya stuff\code\sprint-math-games-9th-grade-troya\solvingAdventures\solvingAdventures\src\cheshireCat.cpp(14,10): warning C4129: " ": нераспознанная escape-последовательность символов
D:\School work and shit\Troya stuff\code\sprint-math-games-9th-grade-troya\solvingAdventures\solvingAdventures\src\cheshireCat.cpp(15,10): warning C4129: " ": нераспознанная escape-последовательность символов
D:\School work and shit\Troya stuff\code\sprint-math-games-9th-grade-troya\solvingAdventures\solvingAdventures\src\cheshireCat.cpp(16,10): warning C4129: " ": нераспознанная escape-последовательность символов
D:\School work and shit\Troya stuff\code\sprint-math-games-9th-grade-troya\solvingAdventures\solvingAdventures\src\cheshireCat.cpp(18,10): warning C4129: " ": нераспознанная escape-последовательность символов
D:\School work and shit\Troya stuff\code\sprint-math-games-9th-grade-troya\solvingAdventures\solvingAdventures\src\cheshireCat.cpp(21,10): warning C4129: "_": нераспознанная escape-последовательность символов
D:\School work and shit\Troya stuff\code\sprint-math-games-9th-grade-troya\solvingAdventures\solvingAdventures\src\cheshireCat.cpp(22,10): warning C4129: "_": нераспознанная escape-последовательность символов
D:\School work and shit\Troya stuff\code\sprint-math-games-9th-grade-troya\solvingAdventures\solvingAdventures\src\cheshireCat.cpp(23,10): warning C4129: "_": нераспознанная escape-последовательность символов
D:\School work and shit\Troya stuff\code\sprint-math-games-9th-grade-troya\solvingAdventures\solvingAdventures\src\cheshireCat.cpp(23,10): warning C4129: " ": нераспознанная escape-последовательность символов
D:\School work and shit\Troya stuff\code\sprint-math-games-9th-grade-troya\solvingAdventures\solvingAdventures\src\cheshireCat.cpp(24,10): warning C4129: "_": нераспознанная escape-последовательность символов
D:\School work and shit\Troya stuff\code\sprint-math-games-9th-grade-troya\solvingAdventures\solvingAdventures\src\cheshireCat.cpp(24,10): warning C4129: "/": нераспознанная escape-последовательность символов
D:\School work and shit\Troya stuff\code\sprint-math-games-9th-grade-troya\solvingAdventures\solvingAdventures\src\cheshireCat.cpp(24,10): warning C4129: " ": нераспознанная escape-последовательность символов
D:\School work and shit\Troya stuff\code\sprint-math-games-9th-grade-troya\solvingAdventures\solvingAdventures\src\cheshireCat.cpp(25,10): warning C4129: "_": нераспознанная escape-последовательность символов
D:\School work and shit\Troya stuff\code\sprint-math-games-9th-grade-troya\solvingAdventures\solvingAdventures\src\cheshireCat.cpp(31,10): warning C4129: "_": нераспознанная escape-последовательность символов
D:\School work and shit\Troya stuff\code\sprint-math-games-9th-grade-troya\solvingAdventures\solvingAdventures\src\cheshireCat.cpp(32,10): warning C4129: "_": нераспознанная escape-последовательность символов
D:\School work and shit\Troya stuff\code\sprint-math-games-9th-grade-troya\solvingAdventures\solvingAdventures\src\cheshireCat.cpp(33,10): warning C4129: " ": нераспознанная escape-последовательность символов
D:\School work and shit\Troya stuff\code\sprint-math-games-9th-grade-troya\solvingAdventures\solvingAdventures\src\cheshireCat.cpp(34,10): warning C4129: " ": нераспознанная escape-последовательность символов
D:\School work and shit\Troya stuff\code\sprint-math-games-9th-grade-troya\solvingAdventures\solvingAdventures\src\cheshireCat.cpp(35,10): warning C4129: "_": нераспознанная escape-последовательность символов
D:\School work and shit\Troya stuff\code\sprint-math-games-9th-grade-troya\solvingAdventures\solvingAdventures\src\cheshireCat.cpp(37,10): warning C4129: " ": нераспознанная escape-последовательность символов
D:\School work and shit\Troya stuff\code\sprint-math-games-9th-grade-troya\solvingAdventures\solvingAdventures\src\cheshireCat.cpp(39,10): warning C4129: " ": нераспознанная escape-последовательность символов
D:\School work and shit\Troya stuff\code\sprint-math-games-9th-grade-troya\solvingAdventures\solvingAdventures\src\cheshireCat.cpp(41,10): warning C4129: " ": нераспознанная escape-последовательность символов
D:\School work and shit\Troya stuff\code\sprint-math-games-9th-grade-troya\solvingAdventures\solvingAdventures\src\cheshireCat.cpp(42,10): warning C4129: " ": нераспознанная escape-последовательность символов
D:\School work and shit\Troya stuff\code\sprint-math-games-9th-grade-troya\solvingAdventures\solvingAdventures\src\cheshireCat.cpp(46,10): warning C4129: "_": нераспознанная escape-последовательность символов
D:\School work and shit\Troya stuff\code\sprint-math-games-9th-grade-troya\solvingAdventures\solvingAdventures\src\cheshireCat.cpp(48,10): warning C4129: " ": нераспознанная escape-последовательность символов
D:\School work and shit\Troya stuff\code\sprint-math-games-9th-grade-troya\solvingAdventures\solvingAdventures\src\cheshireCat.cpp(49,10): warning C4129: " ": нераспознанная escape-последовательность символов
D:\School work and shit\Troya stuff\code\sprint-math-games-9th-grade-troya\solvingAdventures\solvingAdventures\src\cheshireCat.cpp(50,10): warning C4129: " ": нераспознанная escape-последовательность символов
D:\School work and shit\Troya stuff\code\sprint-math-games-9th-grade-troya\solvingAdventures\solvingAdventures\src\cheshireCat.cpp(58,10): warning C4129: " ": нераспознанная escape-последовательность символов
  whiteRabbit.cpp
  Создание кода...
  solvingAdventures.vcxproj -> D:\School work and shit\Troya stuff\code\sprint-math-games-9th-grade-troya\solvingAdventures\x64\Debug\solvingAdventures.exe
